<?xml version="1.0" encoding="UTF-8"?>
<testsuites>
  <testsuite name="Tests\Feature\Communcation\TickerReceiverTest" file="/var/www/html/tests/Feature/Communication/TickerReceiverTest.php" tests="1" assertions="10" errors="0" warnings="0" failures="0" skipped="0" time="7.271241">
    <testcase name="itWorks" class="Tests\Feature\Communcation\TickerReceiverTest" classname="Tests.Feature.Communcation.TickerReceiverTest" file="/var/www/html/tests/Feature/Communication/TickerReceiverTest.php" line="24" assertions="10" time="7.271241"/>
  </testsuite>
</testsuites>
